<?xml version="1.0" encoding="UTF-8"?>
<coverage generated="1376928685">
  <project timestamp="1376928685">
    <package name="TreeLayoutStack">
      <file name="C:\Users\emilien\workspace-zf2\zf2-tree-layout-stack/Module.php">
        <class name="Module" namespace="TreeLayoutStack">
          <metrics methods="3" coveredmethods="3" conditionals="0" coveredconditionals="0" statements="15" coveredstatements="15" elements="18" coveredelements="18"/>
        </class>
        <line num="8" type="method" name="onBootstrap" crap="6" count="1"/>
        <line num="9" type="stmt" count="1"/>
        <line num="13" type="stmt" count="1"/>
        <line num="14" type="stmt" count="1"/>
        <line num="15" type="stmt" count="1"/>
        <line num="16" type="stmt" count="1"/>
        <line num="17" type="stmt" count="1"/>
        <line num="18" type="stmt" count="1"/>
        <line num="19" type="stmt" count="1"/>
        <line num="20" type="stmt" count="1"/>
        <line num="21" type="stmt" count="1"/>
        <line num="22" type="stmt" count="1"/>
        <line num="28" type="method" name="getAutoloaderConfig" crap="1" count="1"/>
        <line num="31" type="stmt" count="1"/>
        <line num="32" type="stmt" count="1"/>
        <line num="33" type="stmt" count="1"/>
        <line num="39" type="method" name="getConfig" crap="1" count="1"/>
        <line num="40" type="stmt" count="1"/>
        <metrics loc="41" ncloc="29" classes="1" methods="3" coveredmethods="3" conditionals="0" coveredconditionals="0" statements="15" coveredstatements="15" elements="18" coveredelements="18"/>
      </file>
      <file name="C:\Users\emilien\workspace-zf2\zf2-tree-layout-stack/src/TreeLayoutStack/TemplatingConfiguration.php">
        <class name="TemplatingConfiguration" namespace="TreeLayoutStack">
          <metrics methods="4" coveredmethods="4" conditionals="0" coveredconditionals="0" statements="21" coveredstatements="21" elements="25" coveredelements="25"/>
        </class>
        <line num="0" type="stmt" count="1"/>
        <line num="15" type="method" name="setLayoutTree" crap="2" count="7"/>
        <line num="16" type="stmt" count="7"/>
        <line num="17" type="stmt" count="7"/>
        <line num="18" type="stmt" count="7"/>
        <line num="19" type="stmt" count="7"/>
        <line num="27" type="method" name="getLayoutTreeForModule" crap="3" count="11"/>
        <line num="28" type="stmt" count="11"/>
        <line num="29" type="stmt" count="11"/>
        <line num="30" type="stmt" count="11"/>
        <line num="38" type="method" name="hasLayoutTreeForModule" crap="2" count="12"/>
        <line num="39" type="stmt" count="12"/>
        <line num="40" type="stmt" count="12"/>
        <line num="49" type="method" name="addTemplate" crap="8" count="8"/>
        <line num="50" type="stmt" count="8"/>
        <line num="51" type="stmt" count="8"/>
        <line num="53" type="stmt" count="8"/>
        <line num="54" type="stmt" count="8"/>
        <line num="56" type="stmt" count="7"/>
        <line num="57" type="stmt" count="8"/>
        <line num="58" type="stmt" count="1"/>
        <line num="59" type="stmt" count="1"/>
        <line num="60" type="stmt" count="1"/>
        <line num="61" type="stmt" count="1"/>
        <line num="62" type="stmt" count="7"/>
        <line num="63" type="stmt" count="7"/>
        <metrics loc="64" ncloc="41" classes="1" methods="4" coveredmethods="4" conditionals="0" coveredconditionals="0" statements="21" coveredstatements="21" elements="25" coveredelements="25"/>
      </file>
      <file name="C:\Users\emilien\workspace-zf2\zf2-tree-layout-stack/src/TreeLayoutStack/TemplatingService.php">
        <class name="TemplatingService" namespace="TreeLayoutStack">
          <metrics methods="9" coveredmethods="9" conditionals="0" coveredconditionals="0" statements="46" coveredstatements="46" elements="55" coveredelements="55"/>
        </class>
        <line num="18" type="method" name="__construct" crap="2" count="7"/>
        <line num="19" type="stmt" count="7"/>
        <line num="20" type="stmt" count="7"/>
        <line num="28" type="method" name="factory" crap="4" count="7"/>
        <line num="29" type="stmt" count="7"/>
        <line num="30" type="stmt" count="7"/>
        <line num="31" type="stmt" count="7"/>
        <line num="38" type="method" name="setConfiguration" crap="1" count="7"/>
        <line num="39" type="stmt" count="7"/>
        <line num="40" type="stmt" count="7"/>
        <line num="47" type="method" name="getConfiguration" crap="2" count="15"/>
        <line num="48" type="stmt" count="15"/>
        <line num="49" type="stmt" count="1"/>
        <line num="56" type="method" name="setCurrentEvent" crap="1" count="2"/>
        <line num="57" type="stmt" count="2"/>
        <line num="58" type="stmt" count="2"/>
        <line num="64" type="method" name="unsetCurrentEvent" crap="1" count="1"/>
        <line num="65" type="stmt" count="1"/>
        <line num="66" type="stmt" count="1"/>
        <line num="73" type="method" name="getCurrentEvent" crap="2" count="3"/>
        <line num="74" type="stmt" count="3"/>
        <line num="75" type="stmt" count="1"/>
        <line num="84" type="method" name="buildLayoutTemplate" crap="10" count="2"/>
        <line num="85" type="stmt" count="2"/>
        <line num="86" type="stmt" count="2"/>
        <line num="87" type="stmt" count="2"/>
        <line num="88" type="stmt" count="2"/>
        <line num="89" type="stmt" count="2"/>
        <line num="92" type="stmt" count="2"/>
        <line num="96" type="stmt" count="2"/>
        <line num="97" type="stmt" count="2"/>
        <line num="101" type="stmt" count="2"/>
        <line num="102" type="stmt" count="2"/>
        <line num="103" type="stmt" count="2"/>
        <line num="106" type="stmt" count="2"/>
        <line num="107" type="stmt" count="2"/>
        <line num="108" type="stmt" count="1"/>
        <line num="109" type="stmt" count="1"/>
        <line num="110" type="stmt" count="1"/>
        <line num="111" type="stmt" count="1"/>
        <line num="113" type="stmt" count="2"/>
        <line num="114" type="stmt" count="1"/>
        <line num="117" type="stmt" count="1"/>
        <line num="125" type="method" name="setChildrenToView" crap="3" count="1"/>
        <line num="126" type="stmt" count="1"/>
        <line num="127" type="stmt" count="1"/>
        <line num="128" type="stmt" count="1"/>
        <line num="130" type="stmt" count="1"/>
        <line num="131" type="stmt" count="1"/>
        <line num="132" type="stmt" count="1"/>
        <line num="133" type="stmt" count="1"/>
        <line num="134" type="stmt" count="1"/>
        <line num="136" type="stmt" count="1"/>
        <line num="137" type="stmt" count="1"/>
        <line num="138" type="stmt" count="1"/>
        <metrics loc="139" ncloc="83" classes="1" methods="9" coveredmethods="9" conditionals="0" coveredconditionals="0" statements="46" coveredstatements="46" elements="55" coveredelements="55"/>
      </file>
    </package>
    <package name="TreeLayoutStack\Factory">
      <file name="C:\Users\emilien\workspace-zf2\zf2-tree-layout-stack/src/TreeLayoutStack/Factory/TemplatingServiceFactory.php">
        <class name="TemplatingServiceFactory" namespace="TreeLayoutStack\Factory">
          <metrics methods="1" coveredmethods="1" conditionals="0" coveredconditionals="0" statements="2" coveredstatements="2" elements="3" coveredelements="3"/>
        </class>
        <line num="0" type="stmt" count="1"/>
        <line num="9" type="method" name="createService" crap="2" count="7"/>
        <line num="11" type="stmt" count="7"/>
        <line num="12" type="stmt" count="7"/>
        <metrics loc="13" ncloc="6" classes="1" methods="1" coveredmethods="1" conditionals="0" coveredconditionals="0" statements="2" coveredstatements="2" elements="3" coveredelements="3"/>
      </file>
    </package>
    <package name="TreeLayoutStack\Template">
      <file name="C:\Users\emilien\workspace-zf2\zf2-tree-layout-stack/src/TreeLayoutStack/Template/Template.php">
        <class name="Template" namespace="TreeLayoutStack\Template">
          <metrics methods="3" coveredmethods="3" conditionals="0" coveredconditionals="0" statements="21" coveredstatements="21" elements="24" coveredelements="24"/>
        </class>
        <line num="17" type="method" name="__construct" crap="1" count="8"/>
        <line num="18" type="stmt" count="8"/>
        <line num="19" type="stmt" count="8"/>
        <line num="25" type="method" name="getConfiguration" crap="2" count="10"/>
        <line num="26" type="stmt" count="10"/>
        <line num="27" type="stmt" count="1"/>
        <line num="34" type="method" name="getChildren" crap="10" count="3"/>
        <line num="35" type="stmt" count="3"/>
        <line num="36" type="stmt" count="3"/>
        <line num="37" type="stmt" count="3"/>
        <line num="38" type="stmt" count="3"/>
        <line num="39" type="stmt" count="3"/>
        <line num="41" type="stmt" count="3"/>
        <line num="42" type="stmt" count="3"/>
        <line num="44" type="stmt" count="2"/>
        <line num="45" type="stmt" count="3"/>
        <line num="46" type="stmt" count="1"/>
        <line num="47" type="stmt" count="1"/>
        <line num="48" type="stmt" count="1"/>
        <line num="49" type="stmt" count="1"/>
        <line num="50" type="stmt" count="2"/>
        <line num="51" type="stmt" count="2"/>
        <line num="52" type="stmt" count="2"/>
        <line num="53" type="stmt" count="2"/>
        <metrics loc="54" ncloc="37" classes="1" methods="3" coveredmethods="3" conditionals="0" coveredconditionals="0" statements="21" coveredstatements="21" elements="24" coveredelements="24"/>
      </file>
      <file name="C:\Users\emilien\workspace-zf2\zf2-tree-layout-stack/src/TreeLayoutStack/Template/TemplateConfiguration.php">
        <class name="TemplateConfiguration" namespace="TreeLayoutStack\Template">
          <metrics methods="4" coveredmethods="4" conditionals="0" coveredconditionals="0" statements="9" coveredstatements="9" elements="13" coveredelements="13"/>
        </class>
        <line num="19" type="method" name="setTemplate" crap="3" count="8"/>
        <line num="20" type="stmt" count="8"/>
        <line num="21" type="stmt" count="8"/>
        <line num="22" type="stmt" count="8"/>
        <line num="29" type="method" name="getTemplate" crap="3" count="6"/>
        <line num="30" type="stmt" count="6"/>
        <line num="31" type="stmt" count="1"/>
        <line num="39" type="method" name="setChildren" crap="1" count="7"/>
        <line num="40" type="stmt" count="7"/>
        <line num="41" type="stmt" count="7"/>
        <line num="48" type="method" name="getChildren" crap="2" count="7"/>
        <line num="49" type="stmt" count="7"/>
        <line num="50" type="stmt" count="1"/>
        <metrics loc="51" ncloc="27" classes="1" methods="4" coveredmethods="4" conditionals="0" coveredconditionals="0" statements="9" coveredstatements="9" elements="13" coveredelements="13"/>
      </file>
    </package>
    <metrics files="6" loc="362" ncloc="223" classes="6" methods="24" coveredmethods="24" conditionals="0" coveredconditionals="0" statements="114" coveredstatements="114" elements="138" coveredelements="138"/>
  </project>
</coverage>
