<?xml version="1.0" encoding="UTF-8"?>
<coverage generated="1367876312">
  <project timestamp="1367876312">
    <package name="AssetsBundle\Controller">
      <file name="C:\Users\neilime\workspace-zf2\zf2-assets-bundle\src\AssetsBundle/Controller/ToolsController.php">
        <class name="ToolsController" namespace="AssetsBundle\Controller">
          <metrics methods="2" coveredmethods="2" conditionals="0" coveredconditionals="0" statements="54" coveredstatements="54" elements="56" coveredelements="56"/>
        </class>
        <line num="0" type="stmt" count="1"/>
        <line num="4" type="method" name="renderAssetsAction" crap="4" count="2"/>
        <line num="6" type="stmt" count="2"/>
        <line num="7" type="stmt" count="2"/>
        <line num="8" type="stmt" count="1"/>
        <line num="9" type="stmt" count="1"/>
        <line num="10" type="stmt" count="1"/>
        <line num="12" type="stmt" count="1"/>
        <line num="14" type="stmt" count="1"/>
        <line num="15" type="stmt" count="1"/>
        <line num="18" type="stmt" count="1"/>
        <line num="19" type="stmt" count="1"/>
        <line num="22" type="stmt" count="1"/>
        <line num="24" type="stmt" count="1"/>
        <line num="25" type="stmt" count="1"/>
        <line num="26" type="stmt" count="1"/>
        <line num="27" type="stmt" count="1"/>
        <line num="29" type="stmt" count="1"/>
        <line num="30" type="stmt" count="1"/>
        <line num="31" type="stmt" count="1"/>
        <line num="32" type="stmt" count="1"/>
        <line num="33" type="stmt" count="1"/>
        <line num="36" type="stmt" count="1"/>
        <line num="37" type="stmt" count="1"/>
        <line num="38" type="stmt" count="1"/>
        <line num="39" type="stmt" count="1"/>
        <line num="42" type="stmt" count="1"/>
        <line num="43" type="stmt" count="1"/>
        <line num="44" type="stmt" count="1"/>
        <line num="46" type="stmt" count="1"/>
        <line num="47" type="stmt" count="1"/>
        <line num="48" type="stmt" count="1"/>
        <line num="49" type="stmt" count="1"/>
        <line num="51" type="stmt" count="1"/>
        <line num="52" type="stmt" count="1"/>
        <line num="53" type="stmt" count="1"/>
        <line num="55" type="stmt" count="1"/>
        <line num="56" type="stmt" count="1"/>
        <line num="57" type="stmt" count="1"/>
        <line num="61" type="stmt" count="1"/>
        <line num="62" type="stmt" count="1"/>
        <line num="63" type="stmt" count="1"/>
        <line num="65" type="stmt" count="1"/>
        <line num="66" type="stmt" count="1"/>
        <line num="67" type="stmt" count="1"/>
        <line num="68" type="stmt" count="1"/>
        <line num="69" type="stmt" count="1"/>
        <line num="71" type="method" name="emptycacheAction" crap="4" count="2"/>
        <line num="73" type="stmt" count="2"/>
        <line num="76" type="stmt" count="2"/>
        <line num="77" type="stmt" count="2"/>
        <line num="79" type="stmt" count="2"/>
        <line num="80" type="stmt" count="2"/>
        <line num="81" type="stmt" count="2"/>
        <line num="82" type="stmt" count="2"/>
        <line num="83" type="stmt" count="2"/>
        <line num="84" type="stmt" count="2"/>
        <metrics loc="84" ncloc="68" classes="1" methods="2" coveredmethods="2" conditionals="0" coveredconditionals="0" statements="54" coveredstatements="54" elements="56" coveredelements="56"/>
      </file>
    </package>
    <package name="AssetsBundle\Factory\Filter">
      <file name="C:\Users\neilime\workspace-zf2\zf2-assets-bundle\src\AssetsBundle/Factory/Filter/CssFilterFactory.php">
        <class name="CssFilterFactory" namespace="AssetsBundle\Factory\Filter">
          <metrics methods="1" coveredmethods="1" conditionals="0" coveredconditionals="0" statements="1" coveredstatements="1" elements="2" coveredelements="2"/>
        </class>
        <line num="11" type="method" name="createService" crap="1" count="8"/>
        <line num="12" type="stmt" count="8"/>
        <metrics loc="13" ncloc="7" classes="1" methods="1" coveredmethods="1" conditionals="0" coveredconditionals="0" statements="1" coveredstatements="1" elements="2" coveredelements="2"/>
      </file>
      <file name="C:\Users\neilime\workspace-zf2\zf2-assets-bundle\src\AssetsBundle/Factory/Filter/GifFilterFactory.php">
        <class name="GifFilterFactory" namespace="AssetsBundle\Factory\Filter">
          <metrics methods="1" coveredmethods="1" conditionals="0" coveredconditionals="0" statements="1" coveredstatements="1" elements="2" coveredelements="2"/>
        </class>
        <line num="10" type="method" name="createService" crap="1" count="8"/>
        <line num="11" type="stmt" count="8"/>
        <metrics loc="12" ncloc="7" classes="1" methods="1" coveredmethods="1" conditionals="0" coveredconditionals="0" statements="1" coveredstatements="1" elements="2" coveredelements="2"/>
      </file>
      <file name="C:\Users\neilime\workspace-zf2\zf2-assets-bundle\src\AssetsBundle/Factory/Filter/JpegFilterFactory.php">
        <class name="JpegFilterFactory" namespace="AssetsBundle\Factory\Filter">
          <metrics methods="1" coveredmethods="1" conditionals="0" coveredconditionals="0" statements="1" coveredstatements="1" elements="2" coveredelements="2"/>
        </class>
        <line num="10" type="method" name="createService" crap="1" count="8"/>
        <line num="11" type="stmt" count="8"/>
        <metrics loc="12" ncloc="7" classes="1" methods="1" coveredmethods="1" conditionals="0" coveredconditionals="0" statements="1" coveredstatements="1" elements="2" coveredelements="2"/>
      </file>
      <file name="C:\Users\neilime\workspace-zf2\zf2-assets-bundle\src\AssetsBundle/Factory/Filter/JsFilterFactory.php">
        <class name="JsFilterFactory" namespace="AssetsBundle\Factory\Filter">
          <metrics methods="1" coveredmethods="1" conditionals="0" coveredconditionals="0" statements="1" coveredstatements="1" elements="2" coveredelements="2"/>
        </class>
        <line num="10" type="method" name="createService" crap="1" count="8"/>
        <line num="11" type="stmt" count="8"/>
        <metrics loc="12" ncloc="7" classes="1" methods="1" coveredmethods="1" conditionals="0" coveredconditionals="0" statements="1" coveredstatements="1" elements="2" coveredelements="2"/>
      </file>
      <file name="C:\Users\neilime\workspace-zf2\zf2-assets-bundle\src\AssetsBundle/Factory/Filter/LessFilterFactory.php">
        <class name="LessFilterFactory" namespace="AssetsBundle\Factory\Filter">
          <metrics methods="1" coveredmethods="1" conditionals="0" coveredconditionals="0" statements="3" coveredstatements="3" elements="4" coveredelements="4"/>
        </class>
        <line num="0" type="stmt" count="1"/>
        <line num="11" type="method" name="createService" crap="2" count="8"/>
        <line num="12" type="stmt" count="8"/>
        <line num="13" type="stmt" count="8"/>
        <line num="14" type="stmt" count="8"/>
        <metrics loc="15" ncloc="9" classes="1" methods="1" coveredmethods="1" conditionals="0" coveredconditionals="0" statements="3" coveredstatements="3" elements="4" coveredelements="4"/>
      </file>
      <file name="C:\Users\neilime\workspace-zf2\zf2-assets-bundle\src\AssetsBundle/Factory/Filter/PngFilterFactory.php">
        <class name="PngFilterFactory" namespace="AssetsBundle\Factory\Filter">
          <metrics methods="1" coveredmethods="1" conditionals="0" coveredconditionals="0" statements="1" coveredstatements="1" elements="2" coveredelements="2"/>
        </class>
        <line num="10" type="method" name="createService" crap="1" count="8"/>
        <line num="11" type="stmt" count="8"/>
        <metrics loc="12" ncloc="7" classes="1" methods="1" coveredmethods="1" conditionals="0" coveredconditionals="0" statements="1" coveredstatements="1" elements="2" coveredelements="2"/>
      </file>
    </package>
    <package name="AssetsBundle\Factory">
      <file name="C:\Users\neilime\workspace-zf2\zf2-assets-bundle\src\AssetsBundle/Factory/JsCustomRendererFactory.php">
        <class name="JsCustomRendererFactory" namespace="AssetsBundle\Factory">
          <metrics methods="1" coveredmethods="1" conditionals="0" coveredconditionals="0" statements="2" coveredstatements="2" elements="3" coveredelements="3"/>
        </class>
        <line num="10" type="method" name="createService" crap="1" count="8"/>
        <line num="11" type="stmt" count="8"/>
        <line num="12" type="stmt" count="8"/>
        <metrics loc="13" ncloc="8" classes="1" methods="1" coveredmethods="1" conditionals="0" coveredconditionals="0" statements="2" coveredstatements="2" elements="3" coveredelements="3"/>
      </file>
      <file name="C:\Users\neilime\workspace-zf2\zf2-assets-bundle\src\AssetsBundle/Factory/ServiceFactory.php">
        <class name="ServiceFactory" namespace="AssetsBundle\Factory">
          <metrics methods="1" coveredmethods="1" conditionals="0" coveredconditionals="0" statements="15" coveredstatements="15" elements="16" coveredelements="16"/>
        </class>
        <line num="0" type="stmt" count="1"/>
        <line num="11" type="method" name="createService" crap="10" count="23"/>
        <line num="12" type="stmt" count="23"/>
        <line num="13" type="stmt" count="23"/>
        <line num="16" type="stmt" count="23"/>
        <line num="17" type="stmt" count="1"/>
        <line num="19" type="stmt" count="1"/>
        <line num="20" type="stmt" count="1"/>
        <line num="22" type="stmt" count="1"/>
        <line num="25" type="stmt" count="23"/>
        <line num="26" type="stmt" count="23"/>
        <line num="27" type="stmt" count="23"/>
        <line num="28" type="stmt" count="23"/>
        <line num="29" type="stmt" count="3"/>
        <line num="30" type="stmt" count="23"/>
        <line num="31" type="stmt" count="23"/>
        <line num="32" type="stmt" count="23"/>
        <metrics loc="33" ncloc="23" classes="1" methods="1" coveredmethods="1" conditionals="0" coveredconditionals="0" statements="15" coveredstatements="15" elements="16" coveredelements="16"/>
      </file>
      <file name="C:\Users\neilime\workspace-zf2\zf2-assets-bundle\src\AssetsBundle/Factory/ViewHelperStrategyFactory.php">
        <class name="ViewHelperStrategyFactory" namespace="AssetsBundle\Factory">
          <metrics methods="1" coveredmethods="1" conditionals="0" coveredconditionals="0" statements="2" coveredstatements="2" elements="3" coveredelements="3"/>
        </class>
        <line num="10" type="method" name="createService" crap="1" count="8"/>
        <line num="11" type="stmt" count="8"/>
        <line num="12" type="stmt" count="8"/>
        <metrics loc="13" ncloc="8" classes="1" methods="1" coveredmethods="1" conditionals="0" coveredconditionals="0" statements="2" coveredstatements="2" elements="3" coveredelements="3"/>
      </file>
    </package>
    <package name="AssetsBundle\Mvc\Controller">
      <file name="C:\Users\neilime\workspace-zf2\zf2-assets-bundle\src\AssetsBundle/Mvc/Controller/AbstractActionController.php">
        <class name="AbstractActionController" namespace="AssetsBundle\Mvc\Controller">
          <metrics methods="1" coveredmethods="1" conditionals="0" coveredconditionals="0" statements="22" coveredstatements="22" elements="23" coveredelements="23"/>
        </class>
        <line num="4" type="method" name="onDispatch" crap="9" count="5"/>
        <line num="5" type="stmt" count="5"/>
        <line num="6" type="stmt" count="5"/>
        <line num="8" type="stmt" count="3"/>
        <line num="9" type="stmt" count="3"/>
        <line num="10" type="stmt" count="3"/>
        <line num="11" type="stmt" count="3"/>
        <line num="13" type="stmt" count="3"/>
        <line num="14" type="stmt" count="1"/>
        <line num="15" type="stmt" count="1"/>
        <line num="16" type="stmt" count="1"/>
        <line num="17" type="stmt" count="2"/>
        <line num="19" type="stmt" count="2"/>
        <line num="20" type="stmt" count="2"/>
        <line num="21" type="stmt" count="1"/>
        <line num="22" type="stmt" count="1"/>
        <line num="23" type="stmt" count="1"/>
        <line num="24" type="stmt" count="1"/>
        <line num="26" type="stmt" count="1"/>
        <line num="27" type="stmt" count="1"/>
        <line num="28" type="stmt" count="2"/>
        <line num="29" type="stmt" count="4"/>
        <line num="30" type="stmt" count="4"/>
        <metrics loc="31" ncloc="29" classes="1" methods="1" coveredmethods="1" conditionals="0" coveredconditionals="0" statements="22" coveredstatements="22" elements="23" coveredelements="23"/>
      </file>
    </package>
    <package name="AssetsBundle\Service\Filter">
      <file name="C:\Users\neilime\workspace-zf2\zf2-assets-bundle\src\AssetsBundle/Service/Filter/AbstractImageFilter.php">
        <class name="AbstractImageFilter" namespace="AssetsBundle\Service\Filter">
          <metrics methods="4" coveredmethods="4" conditionals="0" coveredconditionals="0" statements="17" coveredstatements="17" elements="21" coveredelements="21"/>
        </class>
        <line num="18" type="method" name="__construct" crap="2" count="14"/>
        <line num="20" type="stmt" count="14"/>
        <line num="21" type="stmt" count="14"/>
        <line num="28" type="method" name="setImageFunction" crap="4" count="2"/>
        <line num="30" type="stmt" count="2"/>
        <line num="31" type="stmt" count="1"/>
        <line num="32" type="stmt" count="1"/>
        <line num="33" type="stmt" count="1"/>
        <line num="34" type="stmt" count="1"/>
        <line num="35" type="stmt" count="1"/>
        <line num="41" type="method" name="getImageFunction" crap="1" count="4"/>
        <line num="42" type="stmt" count="4"/>
        <line num="52" type="method" name="run" crap="8" count="3"/>
        <line num="54" type="stmt" count="3"/>
        <line num="57" type="stmt" count="3"/>
        <line num="58" type="stmt" count="3"/>
        <line num="61" type="stmt" count="3"/>
        <line num="62" type="stmt" count="3"/>
        <line num="63" type="stmt" count="3"/>
        <line num="64" type="stmt" count="3"/>
        <line num="66" type="stmt" count="3"/>
        <metrics loc="67" ncloc="33" classes="1" methods="4" coveredmethods="4" conditionals="0" coveredconditionals="0" statements="17" coveredstatements="17" elements="21" coveredelements="21"/>
      </file>
      <file name="C:\Users\neilime\workspace-zf2\zf2-assets-bundle\src\AssetsBundle/Service/Filter/CssFilter.php">
        <class name="CssFilter" namespace="AssetsBundle\Service\Filter">
          <metrics methods="1" coveredmethods="1" conditionals="0" coveredconditionals="0" statements="14" coveredstatements="14" elements="15" coveredelements="15"/>
        </class>
        <line num="0" type="stmt" count="1"/>
        <line num="12" type="method" name="run" crap="3" count="5"/>
        <line num="13" type="stmt" count="5"/>
        <line num="14" type="stmt" count="5"/>
        <line num="16" type="stmt" count="5"/>
        <line num="17" type="stmt" count="5"/>
        <line num="19" type="stmt" count="5"/>
        <line num="21" type="stmt" count="5"/>
        <line num="23" type="stmt" count="5"/>
        <line num="24" type="stmt" count="5"/>
        <line num="25" type="stmt" count="5"/>
        <line num="26" type="stmt" count="5"/>
        <line num="27" type="stmt" count="5"/>
        <line num="28" type="stmt" count="5"/>
        <line num="30" type="stmt" count="5"/>
        <line num="31" type="stmt" count="5"/>
        <metrics loc="32" ncloc="25" classes="1" methods="1" coveredmethods="1" conditionals="0" coveredconditionals="0" statements="14" coveredstatements="14" elements="15" coveredelements="15"/>
      </file>
      <file name="C:\Users\neilime\workspace-zf2\zf2-assets-bundle\src\AssetsBundle/Service/Filter/GifFilter.php">
        <class name="GifFilter" namespace="AssetsBundle\Service\Filter">
          <metrics methods="1" coveredmethods="1" conditionals="0" coveredconditionals="0" statements="10" coveredstatements="10" elements="11" coveredelements="11"/>
        </class>
        <line num="17" type="method" name="run" crap="9" count="3"/>
        <line num="19" type="stmt" count="3"/>
        <line num="22" type="stmt" count="3"/>
        <line num="23" type="stmt" count="3"/>
        <line num="26" type="stmt" count="3"/>
        <line num="29" type="stmt" count="3"/>
        <line num="30" type="stmt" count="3"/>
        <line num="31" type="stmt" count="3"/>
        <line num="32" type="stmt" count="3"/>
        <line num="33" type="stmt" count="3"/>
        <line num="34" type="stmt" count="3"/>
        <metrics loc="35" ncloc="17" classes="1" methods="1" coveredmethods="1" conditionals="0" coveredconditionals="0" statements="10" coveredstatements="10" elements="11" coveredelements="11"/>
      </file>
      <file name="C:\Users\neilime\workspace-zf2\zf2-assets-bundle\src\AssetsBundle/Service/Filter/JpegFilter.php">
        <class name="JpegFilter" namespace="AssetsBundle\Service\Filter">
          <metrics methods="4" coveredmethods="4" conditionals="0" coveredconditionals="0" statements="12" coveredstatements="12" elements="16" coveredelements="16"/>
        </class>
        <line num="14" type="method" name="__construct" crap="2" count="10"/>
        <line num="15" type="stmt" count="10"/>
        <line num="16" type="stmt" count="10"/>
        <line num="17" type="stmt" count="10"/>
        <line num="18" type="stmt" count="10"/>
        <line num="25" type="method" name="setImageQuality" crap="6" count="2"/>
        <line num="26" type="stmt" count="2"/>
        <line num="27" type="stmt" count="1"/>
        <line num="28" type="stmt" count="1"/>
        <line num="29" type="stmt" count="1"/>
        <line num="30" type="stmt" count="1"/>
        <line num="31" type="stmt" count="1"/>
        <line num="37" type="method" name="getImageQuality" crap="1" count="4"/>
        <line num="38" type="stmt" count="4"/>
        <line num="46" type="method" name="optimize" crap="1" count="3"/>
        <line num="47" type="stmt" count="3"/>
        <metrics loc="48" ncloc="27" classes="1" methods="4" coveredmethods="4" conditionals="0" coveredconditionals="0" statements="12" coveredstatements="12" elements="16" coveredelements="16"/>
      </file>
      <file name="C:\Users\neilime\workspace-zf2\zf2-assets-bundle\src\AssetsBundle/Service/Filter/JsFilter.php">
        <class name="JsFilter" namespace="AssetsBundle\Service\Filter">
          <metrics methods="1" coveredmethods="1" conditionals="0" coveredconditionals="0" statements="2" coveredstatements="2" elements="3" coveredelements="3"/>
        </class>
        <line num="10" type="method" name="run" crap="2" count="5"/>
        <line num="11" type="stmt" count="5"/>
        <line num="12" type="stmt" count="5"/>
        <line num="15" type="stmt" count="1"/>
        <metrics loc="14" ncloc="8" classes="1" methods="1" coveredmethods="1" conditionals="0" coveredconditionals="0" statements="2" coveredstatements="2" elements="3" coveredelements="3"/>
      </file>
      <file name="C:\Users\neilime\workspace-zf2\zf2-assets-bundle\src\AssetsBundle/Service/Filter/LessFilter.php">
        <class name="LessFilter" namespace="AssetsBundle\Service\Filter">
          <metrics methods="6" coveredmethods="6" conditionals="0" coveredconditionals="0" statements="22" coveredstatements="22" elements="28" coveredelements="28"/>
        </class>
        <line num="19" type="method" name="__construct" crap="3" count="10"/>
        <line num="21" type="stmt" count="10"/>
        <line num="23" type="stmt" count="10"/>
        <line num="24" type="stmt" count="10"/>
        <line num="26" type="stmt" count="10"/>
        <line num="27" type="stmt" count="10"/>
        <line num="28" type="stmt" count="10"/>
        <line num="36" type="method" name="run" crap="2" count="7"/>
        <line num="37" type="stmt" count="7"/>
        <line num="38" type="stmt" count="7"/>
        <line num="46" type="method" name="setAssetsPath" crap="3" count="9"/>
        <line num="47" type="stmt" count="9"/>
        <line num="48" type="stmt" count="9"/>
        <line num="49" type="stmt" count="8"/>
        <line num="50" type="stmt" count="8"/>
        <line num="52" type="stmt" count="1"/>
        <line num="58" type="method" name="hasAssetsPath" crap="1" count="10"/>
        <line num="59" type="stmt" count="10"/>
        <line num="66" type="method" name="getAssetsPath" crap="2" count="9"/>
        <line num="67" type="stmt" count="9"/>
        <line num="68" type="stmt" count="1"/>
        <line num="77" type="method" name="getRealPath" crap="7" count="9"/>
        <line num="78" type="stmt" count="9"/>
        <line num="79" type="stmt" count="9"/>
        <line num="81" type="stmt" count="9"/>
        <line num="82" type="stmt" count="9"/>
        <line num="84" type="stmt" count="1"/>
        <line num="85" type="stmt" count="1"/>
        <metrics loc="86" ncloc="47" classes="1" methods="6" coveredmethods="6" conditionals="0" coveredconditionals="0" statements="22" coveredstatements="22" elements="28" coveredelements="28"/>
      </file>
      <file name="C:\Users\neilime\workspace-zf2\zf2-assets-bundle\src\AssetsBundle/Service/Filter/PngFilter.php">
        <class name="PngFilter" namespace="AssetsBundle\Service\Filter">
          <metrics methods="4" coveredmethods="4" conditionals="0" coveredconditionals="0" statements="12" coveredstatements="12" elements="16" coveredelements="16"/>
        </class>
        <line num="14" type="method" name="__construct" crap="2" count="10"/>
        <line num="15" type="stmt" count="10"/>
        <line num="16" type="stmt" count="10"/>
        <line num="17" type="stmt" count="10"/>
        <line num="18" type="stmt" count="10"/>
        <line num="25" type="method" name="setImageQuality" crap="6" count="2"/>
        <line num="26" type="stmt" count="2"/>
        <line num="27" type="stmt" count="1"/>
        <line num="28" type="stmt" count="1"/>
        <line num="29" type="stmt" count="1"/>
        <line num="30" type="stmt" count="1"/>
        <line num="31" type="stmt" count="1"/>
        <line num="37" type="method" name="getImageQuality" crap="1" count="4"/>
        <line num="38" type="stmt" count="4"/>
        <line num="46" type="method" name="optimize" crap="1" count="3"/>
        <line num="47" type="stmt" count="3"/>
        <metrics loc="48" ncloc="27" classes="1" methods="4" coveredmethods="4" conditionals="0" coveredconditionals="0" statements="12" coveredstatements="12" elements="16" coveredelements="16"/>
      </file>
    </package>
    <file name="C:\Users\neilime\workspace-zf2\zf2-assets-bundle\src\AssetsBundle/Service/Filter/FilterInterface.php">
      <line num="10" type="stmt" count="1"/>
      <metrics loc="9" ncloc="5" classes="0" methods="0" coveredmethods="0" conditionals="0" coveredconditionals="0" statements="0" coveredstatements="0" elements="0" coveredelements="0"/>
    </file>
    <package name="AssetsBundle\Service">
      <file name="C:\Users\neilime\workspace-zf2\zf2-assets-bundle\src\AssetsBundle/Service/Service.php">
        <class name="Service" namespace="AssetsBundle\Service">
          <metrics methods="35" coveredmethods="35" conditionals="0" coveredconditionals="0" statements="383" coveredstatements="350" elements="418" coveredelements="385"/>
        </class>
        <line num="0" type="stmt" count="1"/>
        <line num="58" type="method" name="__construct" crap="13" count="23"/>
        <line num="60" type="stmt" count="23"/>
        <line num="63" type="stmt" count="23"/>
        <line num="64" type="stmt" count="16"/>
        <line num="66" type="stmt" count="23"/>
        <line num="67" type="stmt" count="23"/>
        <line num="68" type="stmt" count="23"/>
        <line num="69" type="stmt" count="23"/>
        <line num="70" type="stmt" count="23"/>
        <line num="72" type="stmt" count="23"/>
        <line num="73" type="stmt" count="23"/>
        <line num="75" type="stmt" count="23"/>
        <line num="76" type="stmt" count="23"/>
        <line num="78" type="stmt" count="23"/>
        <line num="79" type="stmt" count="22"/>
        <line num="80" type="stmt" count="22"/>
        <line num="81" type="stmt" count="22"/>
        <line num="83" type="stmt" count="23"/>
        <line num="84" type="stmt" count="23"/>
        <line num="87" type="stmt" count="22"/>
        <line num="88" type="stmt" count="22"/>
        <line num="89" type="stmt" count="22"/>
        <line num="90" type="stmt" count="20"/>
        <line num="91" type="stmt" count="20"/>
        <line num="96" type="method" name="isProduction" crap="1" count="12"/>
        <line num="97" type="stmt" count="12"/>
        <line num="105" type="method" name="setControllerName" crap="3" count="13"/>
        <line num="106" type="stmt" count="13"/>
        <line num="107" type="stmt" count="13"/>
        <line num="108" type="stmt" count="13"/>
        <line num="114" type="method" name="getControllerName" crap="2" count="10"/>
        <line num="115" type="stmt" count="10"/>
        <line num="123" type="method" name="setActionName" crap="3" count="13"/>
        <line num="124" type="stmt" count="13"/>
        <line num="125" type="stmt" count="13"/>
        <line num="126" type="stmt" count="13"/>
        <line num="132" type="method" name="getActionName" crap="2" count="10"/>
        <line num="133" type="stmt" count="10"/>
        <line num="140" type="method" name="setRenderer" crap="1" count="13"/>
        <line num="141" type="stmt" count="13"/>
        <line num="142" type="stmt" count="13"/>
        <line num="148" type="method" name="getRenderer" crap="1" count="9"/>
        <line num="149" type="stmt" count="9"/>
        <line num="158" type="method" name="setFilters" crap="6" count="22"/>
        <line num="159" type="stmt" count="22"/>
        <line num="160" type="stmt" count="22"/>
        <line num="161" type="stmt" count="1"/>
        <line num="162" type="stmt" count="1"/>
        <line num="164" type="stmt" count="1"/>
        <line num="165" type="stmt" count="22"/>
        <line num="166" type="stmt" count="1"/>
        <line num="167" type="stmt" count="1"/>
        <line num="168" type="stmt" count="1"/>
        <line num="169" type="stmt" count="1"/>
        <line num="170" type="stmt" count="21"/>
        <line num="171" type="stmt" count="20"/>
        <line num="179" type="method" name="getFilter" crap="4" count="8"/>
        <line num="180" type="stmt" count="8"/>
        <line num="181" type="stmt" count="1"/>
        <line num="182" type="stmt" count="1"/>
        <line num="184" type="stmt" count="1"/>
        <line num="185" type="stmt" count="7"/>
        <line num="186" type="stmt" count="7"/>
        <line num="194" type="method" name="hasFilter" crap="4" count="8"/>
        <line num="195" type="stmt" count="8"/>
        <line num="196" type="stmt" count="1"/>
        <line num="197" type="stmt" count="1"/>
        <line num="199" type="stmt" count="1"/>
        <line num="200" type="stmt" count="7"/>
        <line num="207" type="method" name="getCachePath" crap="2" count="11"/>
        <line num="208" type="stmt" count="11"/>
        <line num="209" type="stmt" count="11"/>
        <line num="217" type="method" name="setAssetsPath" crap="3" count="23"/>
        <line num="218" type="stmt" count="23"/>
        <line num="219" type="stmt" count="22"/>
        <line num="220" type="stmt" count="1"/>
        <line num="221" type="stmt" count="22"/>
        <line num="227" type="method" name="hasAssetsPath" crap="1" count="12"/>
        <line num="228" type="stmt" count="12"/>
        <line num="235" type="method" name="getAssetsPath" crap="2" count="11"/>
        <line num="236" type="stmt" count="11"/>
        <line num="237" type="stmt" count="11"/>
        <line num="243" type="method" name="getAssetsConfiguration" crap="28" count="9"/>
        <line num="244" type="stmt" count="9"/>
        <line num="246" type="stmt" count="9"/>
        <line num="247" type="stmt" count="9"/>
        <line num="248" type="stmt" count="9"/>
        <line num="249" type="stmt" count="9"/>
        <line num="250" type="stmt" count="9"/>
        <line num="253" type="stmt" count="9"/>
        <line num="254" type="stmt" count="9"/>
        <line num="255" type="stmt" count="9"/>
        <line num="256" type="stmt" count="9"/>
        <line num="257" type="stmt" count="9"/>
        <line num="260" type="stmt" count="9"/>
        <line num="261" type="stmt" count="6"/>
        <line num="262" type="stmt" count="6"/>
        <line num="263" type="stmt" count="6"/>
        <line num="264" type="stmt" count="6"/>
        <line num="265" type="stmt" count="6"/>
        <line num="268" type="stmt" count="6"/>
        <line num="269" type="stmt" count="4"/>
        <line num="270" type="stmt" count="4"/>
        <line num="271" type="stmt" count="4"/>
        <line num="272" type="stmt" count="4"/>
        <line num="273" type="stmt" count="4"/>
        <line num="274" type="stmt" count="4"/>
        <line num="275" type="stmt" count="6"/>
        <line num="277" type="stmt" count="9"/>
        <line num="278" type="stmt" count="9"/>
        <line num="279" type="stmt" count="9"/>
        <line num="280" type="stmt" count="9"/>
        <line num="282" type="stmt" count="9"/>
        <line num="290" type="method" name="assetsConfigurationHasChanged" crap="20.43" count="1"/>
        <line num="291" type="stmt" count="1"/>
        <line num="294" type="stmt" count="1"/>
        <line num="296" type="stmt" count="1"/>
        <line num="297" type="stmt" count="1"/>
        <line num="298" type="stmt" count="1"/>
        <line num="301" type="stmt" count="1"/>
        <line num="304" type="stmt" count="1"/>
        <line num="305" type="stmt" count="1"/>
        <line num="306" type="stmt" count="1"/>
        <line num="307" type="stmt" count="1"/>
        <line num="308" type="stmt" count="1"/>
        <line num="310" type="stmt" count="0"/>
        <line num="311" type="stmt" count="0"/>
        <line num="312" type="stmt" count="0"/>
        <line num="313" type="stmt" count="0"/>
        <line num="314" type="stmt" count="0"/>
        <line num="315" type="stmt" count="0"/>
        <line num="323" type="method" name="controllerHasAssetConfiguration" crap="3" count="11"/>
        <line num="324" type="stmt" count="11"/>
        <line num="325" type="stmt" count="11"/>
        <line num="333" type="method" name="actionHasAssetConfiguration" crap="5" count="11"/>
        <line num="334" type="stmt" count="11"/>
        <line num="335" type="stmt" count="11"/>
        <line num="336" type="stmt" count="11"/>
        <line num="337" type="stmt" count="9"/>
        <line num="338" type="stmt" count="8"/>
        <line num="339" type="stmt" count="8"/>
        <line num="348" type="method" name="getCacheFileName" crap="5" count="10"/>
        <line num="349" type="stmt" count="10"/>
        <line num="350" type="stmt" count="10"/>
        <line num="351" type="stmt" count="10"/>
        <line num="352" type="stmt" count="10"/>
        <line num="353" type="stmt" count="10"/>
        <line num="354" type="stmt" count="10"/>
        <line num="364" type="method" name="getConfigurationFilePath" crap="1" count="9"/>
        <line num="365" type="stmt" count="9"/>
        <line num="375" type="method" name="getValidAssets" crap="5" count="9"/>
        <line num="376" type="stmt" count="9"/>
        <line num="377" type="stmt" count="9"/>
        <line num="378" type="stmt" count="9"/>
        <line num="379" type="stmt" count="8"/>
        <line num="380" type="stmt" count="8"/>
        <line num="381" type="stmt" count="8"/>
        <line num="382" type="stmt" count="9"/>
        <line num="383" type="stmt" count="9"/>
        <line num="393" type="method" name="getAssetsFromDirectory" crap="16" count="4"/>
        <line num="394" type="stmt" count="4"/>
        <line num="395" type="stmt" count="4"/>
        <line num="396" type="stmt" count="4"/>
        <line num="397" type="stmt" count="4"/>
        <line num="398" type="stmt" count="4"/>
        <line num="400" type="stmt" count="4"/>
        <line num="401" type="stmt" count="4"/>
        <line num="402" type="stmt" count="4"/>
        <line num="403" type="stmt" count="4"/>
        <line num="404" type="stmt" count="2"/>
        <line num="405" type="stmt" count="2"/>
        <line num="406" type="stmt" count="3"/>
        <line num="407" type="stmt" count="3"/>
        <line num="408" type="stmt" count="3"/>
        <line num="409" type="stmt" count="3"/>
        <line num="410" type="stmt" count="3"/>
        <line num="411" type="stmt" count="3"/>
        <line num="412" type="stmt" count="4"/>
        <line num="413" type="stmt" count="4"/>
        <line num="414" type="stmt" count="2"/>
        <line num="415" type="stmt" count="2"/>
        <line num="416" type="stmt" count="2"/>
        <line num="417" type="stmt" count="4"/>
        <line num="418" type="stmt" count="4"/>
        <line num="428" type="method" name="assetGetContents" crap="5" count="8"/>
        <line num="429" type="stmt" count="8"/>
        <line num="430" type="stmt" count="8"/>
        <line num="431" type="stmt" count="5"/>
        <line num="432" type="stmt" count="5"/>
        <line num="433" type="stmt" count="5"/>
        <line num="434" type="stmt" count="5"/>
        <line num="435" type="stmt" count="8"/>
        <line num="436" type="stmt" count="8"/>
        <line num="446" type="method" name="renderAssets" crap="5.10" count="9"/>
        <line num="448" type="stmt" count="9"/>
        <line num="451" type="stmt" count="9"/>
        <line num="452" type="stmt" count="9"/>
        <line num="454" type="stmt" count="9"/>
        <line num="455" type="stmt" count="9"/>
        <line num="456" type="stmt" count="9"/>
        <line num="457" type="stmt" count="9"/>
        <line num="458" type="stmt" count="0"/>
        <line num="459" type="stmt" count="0"/>
        <line num="460" type="stmt" count="0"/>
        <line num="463" type="stmt" count="9"/>
        <line num="466" type="stmt" count="9"/>
        <line num="469" type="stmt" count="9"/>
        <line num="472" type="stmt" count="9"/>
        <line num="473" type="stmt" count="9"/>
        <line num="474" type="stmt" count="9"/>
        <line num="475" type="stmt" count="9"/>
        <line num="478" type="stmt" count="9"/>
        <line num="480" type="stmt" count="9"/>
        <line num="493" type="method" name="cacheAssets" crap="24" count="9"/>
        <line num="494" type="stmt" count="9"/>
        <line num="495" type="stmt" count="9"/>
        <line num="496" type="stmt" count="9"/>
        <line num="497" type="stmt" count="9"/>
        <line num="499" type="stmt" count="9"/>
        <line num="502" type="stmt" count="9"/>
        <line num="505" type="stmt" count="8"/>
        <line num="506" type="stmt" count="8"/>
        <line num="509" type="stmt" count="8"/>
        <line num="511" type="stmt" count="8"/>
        <line num="512" type="stmt" count="8"/>
        <line num="514" type="stmt" count="8"/>
        <line num="517" type="stmt" count="8"/>
        <line num="519" type="stmt" count="3"/>
        <line num="520" type="stmt" count="2"/>
        <line num="521" type="stmt" count="2"/>
        <line num="523" type="stmt" count="2"/>
        <line num="524" type="stmt" count="3"/>
        <line num="525" type="stmt" count="2"/>
        <line num="526" type="stmt" count="2"/>
        <line num="528" type="stmt" count="3"/>
        <line num="529" type="stmt" count="1"/>
        <line num="530" type="stmt" count="1"/>
        <line num="532" type="stmt" count="3"/>
        <line num="535" type="stmt" count="3"/>
        <line num="536" type="stmt" count="3"/>
        <line num="537" type="stmt" count="3"/>
        <line num="538" type="stmt" count="3"/>
        <line num="539" type="stmt" count="3"/>
        <line num="541" type="stmt" count="1"/>
        <line num="542" type="stmt" count="3"/>
        <line num="544" type="stmt" count="3"/>
        <line num="546" type="stmt" count="3"/>
        <line num="547" type="stmt" count="2"/>
        <line num="549" type="stmt" count="3"/>
        <line num="550" type="stmt" count="3"/>
        <line num="554" type="stmt" count="5"/>
        <line num="557" type="stmt" count="5"/>
        <line num="559" type="stmt" count="5"/>
        <line num="562" type="stmt" count="5"/>
        <line num="563" type="stmt" count="5"/>
        <line num="564" type="stmt" count="5"/>
        <line num="565" type="stmt" count="5"/>
        <line num="567" type="stmt" count="2"/>
        <line num="568" type="stmt" count="5"/>
        <line num="570" type="stmt" count="5"/>
        <line num="571" type="stmt" count="5"/>
        <line num="572" type="stmt" count="5"/>
        <line num="575" type="stmt" count="5"/>
        <line num="576" type="stmt" count="5"/>
        <line num="578" type="stmt" count="5"/>
        <line num="579" type="stmt" count="5"/>
        <line num="580" type="stmt" count="5"/>
        <line num="582" type="stmt" count="5"/>
        <line num="583" type="stmt" count="5"/>
        <line num="584" type="stmt" count="5"/>
        <line num="585" type="stmt" count="5"/>
        <line num="586" type="stmt" count="8"/>
        <line num="587" type="stmt" count="8"/>
        <line num="597" type="method" name="cacheLess" crap="98.24" count="9"/>
        <line num="599" type="stmt" count="9"/>
        <line num="600" type="stmt" count="9"/>
        <line num="603" type="stmt" count="9"/>
        <line num="607" type="stmt" count="9"/>
        <line num="608" type="stmt" count="9"/>
        <line num="609" type="stmt" count="9"/>
        <line num="610" type="stmt" count="9"/>
        <line num="611" type="stmt" count="9"/>
        <line num="612" type="stmt" count="0"/>
        <line num="613" type="stmt" count="0"/>
        <line num="614" type="stmt" count="0"/>
        <line num="615" type="stmt" count="0"/>
        <line num="616" type="stmt" count="0"/>
        <line num="617" type="stmt" count="0"/>
        <line num="618" type="stmt" count="0"/>
        <line num="622" type="stmt" count="0"/>
        <line num="624" type="stmt" count="0"/>
        <line num="625" type="stmt" count="0"/>
        <line num="626" type="stmt" count="0"/>
        <line num="627" type="stmt" count="0"/>
        <line num="630" type="stmt" count="0"/>
        <line num="632" type="stmt" count="0"/>
        <line num="633" type="stmt" count="0"/>
        <line num="634" type="stmt" count="0"/>
        <line num="635" type="stmt" count="0"/>
        <line num="637" type="stmt" count="0"/>
        <line num="638" type="stmt" count="0"/>
        <line num="639" type="stmt" count="0"/>
        <line num="641" type="stmt" count="0"/>
        <line num="642" type="stmt" count="0"/>
        <line num="643" type="stmt" count="0"/>
        <line num="645" type="stmt" count="9"/>
        <line num="646" type="stmt" count="9"/>
        <line num="648" type="stmt" count="7"/>
        <line num="649" type="stmt" count="7"/>
        <line num="650" type="stmt" count="9"/>
        <line num="651" type="stmt" count="9"/>
        <line num="654" type="stmt" count="9"/>
        <line num="658" type="stmt" count="9"/>
        <line num="659" type="stmt" count="7"/>
        <line num="660" type="stmt" count="9"/>
        <line num="663" type="stmt" count="7"/>
        <line num="664" type="stmt" count="7"/>
        <line num="665" type="stmt" count="7"/>
        <line num="667" type="stmt" count="7"/>
        <line num="669" type="stmt" count="7"/>
        <line num="670" type="stmt" count="7"/>
        <line num="679" type="method" name="cacheMedias" crap="8" count="9"/>
        <line num="680" type="stmt" count="9"/>
        <line num="682" type="stmt" count="3"/>
        <line num="685" type="stmt" count="3"/>
        <line num="686" type="stmt" count="3"/>
        <line num="687" type="stmt" count="3"/>
        <line num="690" type="stmt" count="3"/>
        <line num="693" type="stmt" count="3"/>
        <line num="694" type="stmt" count="3"/>
        <line num="695" type="stmt" count="3"/>
        <line num="696" type="stmt" count="3"/>
        <line num="699" type="stmt" count="3"/>
        <line num="700" type="stmt" count="3"/>
        <line num="701" type="stmt" count="9"/>
        <line num="702" type="stmt" count="9"/>
        <line num="711" type="method" name="displayAssets" crap="7" count="9"/>
        <line num="712" type="stmt" count="9"/>
        <line num="713" type="stmt" count="9"/>
        <line num="714" type="stmt" count="9"/>
        <line num="715" type="stmt" count="9"/>
        <line num="716" type="stmt" count="9"/>
        <line num="717" type="stmt" count="9"/>
        <line num="718" type="stmt" count="9"/>
        <line num="721" type="stmt" count="9"/>
        <line num="722" type="stmt" count="9"/>
        <line num="723" type="stmt" count="8"/>
        <line num="724" type="stmt" count="8"/>
        <line num="725" type="stmt" count="8"/>
        <line num="726" type="stmt" count="8"/>
        <line num="727" type="stmt" count="9"/>
        <line num="728" type="stmt" count="9"/>
        <line num="737" type="method" name="assetTypeExists" crap="6" count="22"/>
        <line num="738" type="stmt" count="22"/>
        <line num="740" type="stmt" count="22"/>
        <line num="741" type="stmt" count="22"/>
        <line num="742" type="stmt" count="22"/>
        <line num="743" type="stmt" count="22"/>
        <line num="744" type="stmt" count="22"/>
        <line num="745" type="stmt" count="21"/>
        <line num="746" type="stmt" count="21"/>
        <line num="747" type="stmt" count="21"/>
        <line num="757" type="method" name="hasToCache" crap="5.20" count="4"/>
        <line num="758" type="stmt" count="4"/>
        <line num="760" type="stmt" count="4"/>
        <line num="761" type="stmt" count="4"/>
        <line num="762" type="stmt" count="0"/>
        <line num="763" type="stmt" count="4"/>
        <line num="774" type="method" name="copyIntoCache" crap="9" count="4"/>
        <line num="775" type="stmt" count="4"/>
        <line num="776" type="stmt" count="4"/>
        <line num="778" type="stmt" count="4"/>
        <line num="779" type="stmt" count="3"/>
        <line num="781" type="stmt" count="3"/>
        <line num="783" type="stmt" count="3"/>
        <line num="784" type="stmt" count="3"/>
        <line num="785" type="stmt" count="3"/>
        <line num="786" type="stmt" count="3"/>
        <line num="787" type="stmt" count="4"/>
        <line num="788" type="stmt" count="4"/>
        <line num="797" type="method" name="getRealPath" crap="12" count="23"/>
        <line num="798" type="stmt" count="23"/>
        <line num="801" type="stmt" count="23"/>
        <line num="803" type="stmt" count="23"/>
        <line num="805" type="stmt" count="23"/>
        <line num="806" type="stmt" count="23"/>
        <line num="807" type="stmt" count="23"/>
        <line num="809" type="stmt" count="11"/>
        <line num="810" type="stmt" count="11"/>
        <line num="811" type="stmt" count="8"/>
        <line num="822" type="method" name="rewriteUrl" crap="14" count="3"/>
        <line num="823" type="stmt" count="3"/>
        <line num="826" type="stmt" count="3"/>
        <line num="829" type="stmt" count="3"/>
        <line num="832" type="stmt" count="3"/>
        <line num="834" type="stmt" count="3"/>
        <line num="835" type="stmt" count="3"/>
        <line num="836" type="stmt" count="3"/>
        <line num="837" type="stmt" count="3"/>
        <line num="838" type="stmt" count="3"/>
        <line num="839" type="stmt" count="3"/>
        <line num="840" type="stmt" count="3"/>
        <line num="841" type="stmt" count="3"/>
        <line num="843" type="stmt" count="3"/>
        <line num="844" type="stmt" count="3"/>
        <line num="846" type="stmt" count="3"/>
        <line num="847" type="stmt" count="3"/>
        <line num="850" type="stmt" count="3"/>
        <line num="851" type="stmt" count="3"/>
        <line num="852" type="stmt" count="3"/>
        <line num="853" type="stmt" count="3"/>
        <line num="854" type="stmt" count="3"/>
        <line num="856" type="stmt" count="3"/>
        <line num="857" type="stmt" count="3"/>
        <line num="858" type="stmt" count="3"/>
        <metrics loc="859" ncloc="552" classes="1" methods="35" coveredmethods="31" conditionals="0" coveredconditionals="0" statements="381" coveredstatements="348" elements="416" coveredelements="379"/>
      </file>
    </package>
    <package name="AssetsBundle\View\Renderer">
      <file name="C:\Users\neilime\workspace-zf2\zf2-assets-bundle\src\AssetsBundle/View/Renderer/JsCustomRenderer.php">
        <class name="JsCustomRenderer" namespace="AssetsBundle\View\Renderer">
          <metrics methods="5" coveredmethods="5" conditionals="0" coveredconditionals="0" statements="27" coveredstatements="27" elements="32" coveredelements="32"/>
        </class>
        <line num="20" type="method" name="setServiceLocator" crap="1" count="8"/>
        <line num="21" type="stmt" count="8"/>
        <line num="22" type="stmt" count="8"/>
        <line num="30" type="method" name="getServiceLocator" crap="2" count="3"/>
        <line num="31" type="stmt" count="3"/>
        <line num="32" type="stmt" count="1"/>
        <line num="39" type="method" name="getEngine" crap="1" count="1"/>
        <line num="40" type="stmt" count="1"/>
        <line num="48" type="method" name="setResolver" crap="1" count="1"/>
        <line num="49" type="stmt" count="1"/>
        <line num="50" type="stmt" count="1"/>
        <line num="63" type="method" name="render" crap="10" count="3"/>
        <line num="64" type="stmt" count="3"/>
        <line num="65" type="stmt" count="1"/>
        <line num="66" type="stmt" count="1"/>
        <line num="67" type="stmt" count="1"/>
        <line num="68" type="stmt" count="2"/>
        <line num="69" type="stmt" count="2"/>
        <line num="70" type="stmt" count="2"/>
        <line num="72" type="stmt" count="2"/>
        <line num="73" type="stmt" count="2"/>
        <line num="74" type="stmt" count="2"/>
        <line num="75" type="stmt" count="2"/>
        <line num="76" type="stmt" count="2"/>
        <line num="77" type="stmt" count="2"/>
        <line num="78" type="stmt" count="2"/>
        <line num="79" type="stmt" count="2"/>
        <line num="80" type="stmt" count="2"/>
        <line num="81" type="stmt" count="2"/>
        <line num="82" type="stmt" count="2"/>
        <line num="83" type="stmt" count="2"/>
        <line num="84" type="stmt" count="2"/>
        <line num="87" type="stmt" count="1"/>
        <line num="229" type="stmt" count="2"/>
        <metrics loc="86" ncloc="52" classes="1" methods="5" coveredmethods="5" conditionals="0" coveredconditionals="0" statements="27" coveredstatements="27" elements="32" coveredelements="32"/>
      </file>
    </package>
    <package name="AssetsBundle\View\Strategy">
      <file name="C:\Users\neilime\workspace-zf2\zf2-assets-bundle\src\AssetsBundle/View/Strategy/AbstractStrategy.php">
        <class name="AbstractStrategy" namespace="AssetsBundle\View\Strategy">
          <metrics methods="4" coveredmethods="4" conditionals="0" coveredconditionals="0" statements="6" coveredstatements="6" elements="10" coveredelements="10"/>
        </class>
        <line num="18" type="method" name="setRenderer" crap="1" count="9"/>
        <line num="19" type="stmt" count="9"/>
        <line num="20" type="stmt" count="9"/>
        <line num="26" type="method" name="getRenderer" crap="1" count="8"/>
        <line num="27" type="stmt" count="8"/>
        <line num="34" type="method" name="setBaseUrl" crap="1" count="9"/>
        <line num="35" type="stmt" count="9"/>
        <line num="36" type="stmt" count="9"/>
        <line num="42" type="method" name="getBaseUrl" crap="1" count="8"/>
        <line num="43" type="stmt" count="8"/>
        <metrics loc="44" ncloc="24" classes="1" methods="4" coveredmethods="4" conditionals="0" coveredconditionals="0" statements="6" coveredstatements="6" elements="10" coveredelements="10"/>
      </file>
      <file name="C:\Users\neilime\workspace-zf2\zf2-assets-bundle\src\AssetsBundle/View/Strategy/JsCustomStrategy.php">
        <class name="JsCustomStrategy" namespace="AssetsBundle\View\Strategy">
          <metrics methods="8" coveredmethods="8" conditionals="0" coveredconditionals="0" statements="34" coveredstatements="34" elements="42" coveredelements="42"/>
        </class>
        <line num="25" type="method" name="setRenderer" crap="1" count="8"/>
        <line num="26" type="stmt" count="8"/>
        <line num="27" type="stmt" count="8"/>
        <line num="34" type="method" name="getRenderer" crap="2" count="3"/>
        <line num="35" type="stmt" count="3"/>
        <line num="36" type="stmt" count="1"/>
        <line num="44" type="method" name="setServiceLocator" crap="1" count="9"/>
        <line num="45" type="stmt" count="9"/>
        <line num="46" type="stmt" count="9"/>
        <line num="54" type="method" name="getServiceLocator" crap="2" count="4"/>
        <line num="55" type="stmt" count="4"/>
        <line num="56" type="stmt" count="1"/>
        <line num="65" type="method" name="attach" crap="1" count="9"/>
        <line num="66" type="stmt" count="9"/>
        <line num="67" type="stmt" count="9"/>
        <line num="68" type="stmt" count="9"/>
        <line num="75" type="method" name="detach" crap="3" count="1"/>
        <line num="76" type="stmt" count="1"/>
        <line num="77" type="stmt" count="1"/>
        <line num="78" type="stmt" count="1"/>
        <line num="79" type="stmt" count="1"/>
        <line num="87" type="method" name="selectRenderer" crap="10" count="3"/>
        <line num="89" type="stmt" count="3"/>
        <line num="90" type="stmt" count="3"/>
        <line num="91" type="stmt" count="3"/>
        <line num="92" type="stmt" count="3"/>
        <line num="93" type="stmt" count="3"/>
        <line num="94" type="stmt" count="3"/>
        <line num="95" type="stmt" count="2"/>
        <line num="96" type="stmt" count="1"/>
        <line num="97" type="stmt" count="1"/>
        <line num="98" type="stmt" count="1"/>
        <line num="99" type="stmt" count="2"/>
        <line num="101" type="stmt" count="2"/>
        <line num="102" type="stmt" count="2"/>
        <line num="103" type="stmt" count="2"/>
        <line num="105" type="stmt" count="1"/>
        <line num="111" type="method" name="injectResponse" crap="3" count="2"/>
        <line num="112" type="stmt" count="2"/>
        <line num="113" type="stmt" count="2"/>
        <line num="115" type="stmt" count="2"/>
        <line num="116" type="stmt" count="2"/>
        <line num="229" type="stmt" count="2"/>
        <metrics loc="116" ncloc="66" classes="1" methods="8" coveredmethods="8" conditionals="0" coveredconditionals="0" statements="34" coveredstatements="34" elements="42" coveredelements="42"/>
      </file>
      <file name="C:\Users\neilime\workspace-zf2\zf2-assets-bundle\src\AssetsBundle/View/Strategy/NoneStrategy.php">
        <class name="NoneStrategy" namespace="AssetsBundle\View\Strategy">
          <metrics methods="0" coveredmethods="0" conditionals="0" coveredconditionals="0" statements="0" coveredstatements="0" elements="0" coveredelements="0"/>
        </class>
        <metrics loc="2" ncloc="2" classes="1" methods="0" coveredmethods="0" conditionals="0" coveredconditionals="0" statements="0" coveredstatements="0" elements="0" coveredelements="0"/>
      </file>
      <file name="C:\Users\neilime\workspace-zf2\zf2-assets-bundle\src\AssetsBundle/View/Strategy/ViewHelperStrategy.php">
        <class name="ViewHelperStrategy" namespace="AssetsBundle\View\Strategy">
          <metrics methods="1" coveredmethods="1" conditionals="0" coveredconditionals="0" statements="9" coveredstatements="9" elements="10" coveredelements="10"/>
        </class>
        <line num="8" type="method" name="renderAsset" crap="5" count="8"/>
        <line num="9" type="stmt" count="8"/>
        <line num="11" type="stmt" count="8"/>
        <line num="13" type="stmt" count="8"/>
        <line num="14" type="stmt" count="7"/>
        <line num="15" type="stmt" count="7"/>
        <line num="16" type="stmt" count="8"/>
        <line num="17" type="stmt" count="8"/>
        <line num="18" type="stmt" count="8"/>
        <line num="20" type="stmt" count="8"/>
        <metrics loc="20" ncloc="16" classes="1" methods="1" coveredmethods="1" conditionals="0" coveredconditionals="0" statements="9" coveredstatements="9" elements="10" coveredelements="10"/>
      </file>
    </package>
    <file name="C:\Users\neilime\workspace-zf2\zf2-assets-bundle\src\AssetsBundle/View/Strategy/StrategyInterface.php">
      <metrics loc="23" ncloc="10" classes="0" methods="0" coveredmethods="0" conditionals="0" coveredconditionals="0" statements="0" coveredstatements="0" elements="0" coveredelements="0"/>
    </file>
    <metrics files="26" loc="1739" ncloc="1091" classes="24" methods="86" coveredmethods="82" conditionals="0" coveredconditionals="0" statements="649" coveredstatements="616" elements="735" coveredelements="698"/>
  </project>
</coverage>
